<?xml version="1.0" encoding="UTF-8"?>
<!-- Generated by org.testng.reporters.JUnitReportReporter -->
<testsuite hostname="fv-az77-816" failures="0" tests="2" name="runner.TestRunner" time="7.791" errors="0" timestamp="2021-10-25T11:51:30 UTC" skipped="0">
  <testcase classname="runner.TestRunner" name="runScenario" time="0.890"/>
  <system-out/>
  <testcase classname="runner.TestRunner" name="runScenario" time="6.901"/>
  <system-out/>
</testsuite> <!-- runner.TestRunner -->
